<?xml version="1.0" encoding="UTF-8"?>
<!-- Generated by org.testng.reporters.JUnitReportReporter -->
<testsuite name="com.UAT.RallyChoice.Automation.Utilities.CucumberRunner" tests="1" time="739.615" ignored="0" failures="0" timestamp="29 Aug 2018 17:22:19 GMT" skipped="0" hostname="LHTU05CG5160RK3" errors="0">
  <testcase name="feature" time="739.615" classname="com.UAT.RallyChoice.Automation.Utilities.CucumberRunner"/>
</testsuite> <!-- com.UAT.RallyChoice.Automation.Utilities.CucumberRunner -->
