<?xml version="1.0" encoding="UTF-8"?>
<!-- Generated by org.testng.reporters.JUnitReportReporter -->
<testsuite hostname="MacBook-Air" failures="0" tests="1" name="com.Automation.Utilities.CucumberRunner" time="15.763" errors="0" timestamp="31 Oct 2019 14:38:19 GMT" skipped="0">
  <testcase classname="com.Automation.Utilities.CucumberRunner" name="feature" time="15.763"/>
</testsuite> <!-- com.Automation.Utilities.CucumberRunner -->
